[2026-04-25 13:00:01] Descargando datos de AAPL...
Traceback (most recent call last):
  File "/home/lucas/trading-sim/fetch_data.py", line 29, in <module>
    main()
    ~~~~^^
  File "/home/lucas/trading-sim/fetch_data.py", line 22, in main
    with open(prices_file, "w") as f:
         ~~~~^^^^^^^^^^^^^^^^^^
IsADirectoryError: [Errno 21] Is a directory: '/home/lucas/trading-sim/prices.dat'
[2026-04-25 14:00:00] Descargando datos de AAPL...
Traceback (most recent call last):
  File "/home/lucas/trading-sim/fetch_data.py", line 29, in <module>
    main()
    ~~~~^^
  File "/home/lucas/trading-sim/fetch_data.py", line 22, in main
    with open(prices_file, "w") as f:
         ~~~~^^^^^^^^^^^^^^^^^^
IsADirectoryError: [Errno 21] Is a directory: '/home/lucas/trading-sim/prices.dat'
[2026-04-25 15:00:01] Descargando datos de AAPL...
Traceback (most recent call last):
  File "/home/lucas/trading-sim/fetch_data.py", line 29, in <module>
    main()
    ~~~~^^
  File "/home/lucas/trading-sim/fetch_data.py", line 22, in main
    with open(prices_file, "w") as f:
         ~~~~^^^^^^^^^^^^^^^^^^
IsADirectoryError: [Errno 21] Is a directory: '/home/lucas/trading-sim/prices.dat'
[2026-04-25 16:00:01] Descargando datos de AAPL...
Datos de AAPL descargados: 124 velas en /home/lucas/trading-sim/prices_atr.dat y /home/lucas/trading-sim/prices.dat
[2026-04-25 16:00:09] Solicitando señal al API...
{
    "detail": "No module named 'yfinance'"
}
[2026-04-25 16:00:09] Señal guardada en la base de datos.
